# JRE version: OpenJDK Runtime Environment Temurin-21.0.8+9 (21.0.8+9) (build 21.0.8+9-LTS)
# Java VM: OpenJDK 64-Bit Server VM Temurin-21.0.8+9 (21.0.8+9-LTS, mixed mode, sharing, tiered, compressed oops, compressed class ptrs, parallel gc, windows-amd64)
GC Precious Log:
 CardTable entry size: 512
 CPUs: 8 total, 8 available
 Memory: 8103M
 Large Page Support: Disabled
 NUMA Support: Disabled
 Compressed Oops: Enabled (32-bit)
 Alignments: Space 512K, Generation 512K, Heap 2M
 Heap Min Capacity: 100M
 Heap Initial Capacity: 100M
 Heap Max Capacity: 2G
 Pre-touch: Disabled
 Parallel Workers: 8
Heap:
 PSYoungGen      total 19968K, used 4249K [0x00000000d5580000, 0x00000000d6d00000, 0x0000000100000000)
  eden space 19456K, 19% used [0x00000000d5580000,0x00000000d593e510,0x00000000d6880000)
  from space 512K, 81% used [0x00000000d6c80000,0x00000000d6ce8000,0x00000000d6d00000)
  to   space 1536K, 0% used [0x00000000d6a00000,0x00000000d6a00000,0x00000000d6b80000)
 ParOldGen       total 68608K, used 45161K [0x0000000080000000, 0x0000000084300000, 0x00000000d5580000)
  object space 68608K, 65% used [0x0000000080000000,0x0000000082c1a670,0x0000000084300000)
 Metaspace       used 66378K, committed 67712K, reserved 1114112K
  class space    used 7102K, committed 7680K, reserved 1048576K
GC Heap History (20 events):
Event: 26.855 GC heap before
{Heap before GC invocations=32 (full 2):
 PSYoungGen      total 22528K, used 20388K [0x00000000d5580000, 0x00000000d6f00000, 0x0000000100000000)
  eden space 19456K, 100% used [0x00000000d5580000,0x00000000d6880000,0x00000000d6880000)
  from space 3072K, 30% used [0x00000000d6a00000,0x00000000d6ae9210,0x00000000d6d00000)
  to   space 1536K, 0% used [0x00000000d6d80000,0x00000000d6d80000,0x00000000d6f00000)
 ParOldGen       total 68608K, used 42993K [0x0000000080000000, 0x0000000084300000, 0x00000000d5580000)
  object space 68608K, 62% used [0x0000000080000000,0x00000000829fc570,0x0000000084300000)
 Metaspace       used 56314K, committed 57600K, reserved 1114112K
  class space    used 6161K, committed 6720K, reserved 1048576K
}
Event: 26.857 GC heap after
{Heap after GC invocations=32 (full 2):
 PSYoungGen      total 20992K, used 1517K [0x00000000d5580000, 0x00000000d6f00000, 0x0000000100000000)
  eden space 19456K, 0% used [0x00000000d5580000,0x00000000d5580000,0x00000000d6880000)
  from space 1536K, 98% used [0x00000000d6d80000,0x00000000d6efb4e0,0x00000000d6f00000)
  to   space 3072K, 0% used [0x00000000d6900000,0x00000000d6900000,0x00000000d6c00000)
 ParOldGen       total 68608K, used 43797K [0x0000000080000000, 0x0000000084300000, 0x00000000d5580000)
  object space 68608K, 63% used [0x0000000080000000,0x0000000082ac57d8,0x0000000084300000)
 Metaspace       used 56314K, committed 57600K, reserved 1114112K
  class space    used 6161K, committed 6720K, reserved 1048576K
}
Event: 26.925 GC heap before
{Heap before GC invocations=33 (full 2):
 PSYoungGen      total 20992K, used 20973K [0x00000000d5580000, 0x00000000d6f00000, 0x0000000100000000)
  eden space 19456K, 100% used [0x00000000d5580000,0x00000000d6880000,0x00000000d6880000)
  from space 1536K, 98% used [0x00000000d6d80000,0x00000000d6efb4e0,0x00000000d6f00000)
  to   space 3072K, 0% used [0x00000000d6900000,0x00000000d6900000,0x00000000d6c00000)
 ParOldGen       total 68608K, used 43797K [0x0000000080000000, 0x0000000084300000, 0x00000000d5580000)
  object space 68608K, 63% used [0x0000000080000000,0x0000000082ac57d8,0x0000000084300000)
 Metaspace       used 56409K, committed 57664K, reserved 1114112K
  class space    used 6171K, committed 6720K, reserved 1048576K
}
Event: 26.926 GC heap after
{Heap after GC invocations=33 (full 2):
 PSYoungGen      total 22528K, used 1609K [0x00000000d5580000, 0x00000000d6e00000, 0x0000000100000000)
  eden space 19456K, 0% used [0x00000000d5580000,0x00000000d5580000,0x00000000d6880000)
  from space 3072K, 52% used [0x00000000d6900000,0x00000000d6a927d0,0x00000000d6c00000)
  to   space 2048K, 0% used [0x00000000d6c00000,0x00000000d6c00000,0x00000000d6e00000)
 ParOldGen       total 68608K, used 44729K [0x0000000080000000, 0x0000000084300000, 0x00000000d5580000)
  object space 68608K, 65% used [0x0000000080000000,0x0000000082bae5b8,0x0000000084300000)
 Metaspace       used 56409K, committed 57664K, reserved 1114112K
  class space    used 6171K, committed 6720K, reserved 1048576K
}
Event: 27.174 GC heap before
{Heap before GC invocations=34 (full 2):
 PSYoungGen      total 22528K, used 21065K [0x00000000d5580000, 0x00000000d6e00000, 0x0000000100000000)
  eden space 19456K, 100% used [0x00000000d5580000,0x00000000d6880000,0x00000000d6880000)
  from space 3072K, 52% used [0x00000000d6900000,0x00000000d6a927d0,0x00000000d6c00000)
  to   space 2048K, 0% used [0x00000000d6c00000,0x00000000d6c00000,0x00000000d6e00000)
 ParOldGen       total 68608K, used 44729K [0x0000000080000000, 0x0000000084300000, 0x00000000d5580000)
  object space 68608K, 65% used [0x0000000080000000,0x0000000082bae5b8,0x0000000084300000)
 Metaspace       used 58107K, committed 59392K, reserved 1114112K
  class space    used 6338K, committed 6912K, reserved 1048576K
}
Event: 27.177 GC heap after
{Heap after GC invocations=34 (full 2):
 PSYoungGen      total 20480K, used 640K [0x00000000d5580000, 0x00000000d6d00000, 0x0000000100000000)
  eden space 19456K, 0% used [0x00000000d5580000,0x00000000d5580000,0x00000000d6880000)
  from space 1024K, 62% used [0x00000000d6c00000,0x00000000d6ca02e0,0x00000000d6d00000)
  to   space 1536K, 0% used [0x00000000d6a00000,0x00000000d6a00000,0x00000000d6b80000)
 ParOldGen       total 68608K, used 45881K [0x0000000080000000, 0x0000000084300000, 0x00000000d5580000)
  object space 68608K, 66% used [0x0000000080000000,0x0000000082cce5b8,0x0000000084300000)
 Metaspace       used 58107K, committed 59392K, reserved 1114112K
  class space    used 6338K, committed 6912K, reserved 1048576K
}
Event: 27.223 GC heap before
{Heap before GC invocations=35 (full 2):
 PSYoungGen      total 20480K, used 5474K [0x00000000d5580000, 0x00000000d6d00000, 0x0000000100000000)
  eden space 19456K, 24% used [0x00000000d5580000,0x00000000d5a388d8,0x00000000d6880000)
  from space 1024K, 62% used [0x00000000d6c00000,0x00000000d6ca02e0,0x00000000d6d00000)
  to   space 1536K, 0% used [0x00000000d6a00000,0x00000000d6a00000,0x00000000d6b80000)
 ParOldGen       total 68608K, used 45881K [0x0000000080000000, 0x0000000084300000, 0x00000000d5580000)
  object space 68608K, 66% used [0x0000000080000000,0x0000000082cce5b8,0x0000000084300000)
 Metaspace       used 58501K, committed 59776K, reserved 1114112K
  class space    used 6405K, committed 6976K, reserved 1048576K
}
Event: 27.224 GC heap after
{Heap after GC invocations=35 (full 2):
 PSYoungGen      total 20992K, used 256K [0x00000000d5580000, 0x00000000d6c80000, 0x0000000100000000)
  eden space 19456K, 0% used [0x00000000d5580000,0x00000000d5580000,0x00000000d6880000)
  from space 1536K, 16% used [0x00000000d6a00000,0x00000000d6a40000,0x00000000d6b80000)
  to   space 512K, 0% used [0x00000000d6c00000,0x00000000d6c00000,0x00000000d6c80000)
 ParOldGen       total 68608K, used 46296K [0x0000000080000000, 0x0000000084300000, 0x00000000d5580000)
  object space 68608K, 67% used [0x0000000080000000,0x0000000082d36140,0x0000000084300000)
 Metaspace       used 58501K, committed 59776K, reserved 1114112K
  class space    used 6405K, committed 6976K, reserved 1048576K
}
Event: 27.224 GC heap before
{Heap before GC invocations=36 (full 3):
 PSYoungGen      total 20992K, used 256K [0x00000000d5580000, 0x00000000d6c80000, 0x0000000100000000)
  eden space 19456K, 0% used [0x00000000d5580000,0x00000000d5580000,0x00000000d6880000)
  from space 1536K, 16% used [0x00000000d6a00000,0x00000000d6a40000,0x00000000d6b80000)
  to   space 512K, 0% used [0x00000000d6c00000,0x00000000d6c00000,0x00000000d6c80000)
 ParOldGen       total 68608K, used 46296K [0x0000000080000000, 0x0000000084300000, 0x00000000d5580000)
  object space 68608K, 67% used [0x0000000080000000,0x0000000082d36140,0x0000000084300000)
 Metaspace       used 58501K, committed 59776K, reserved 1114112K
  class space    used 6405K, committed 6976K, reserved 1048576K
}
Event: 27.326 GC heap after
{Heap after GC invocations=36 (full 3):
 PSYoungGen      total 20992K, used 0K [0x00000000d5580000, 0x00000000d6c80000, 0x0000000100000000)
  eden space 19456K, 0% used [0x00000000d5580000,0x00000000d5580000,0x00000000d6880000)
  from space 1536K, 0% used [0x00000000d6a00000,0x00000000d6a00000,0x00000000d6b80000)
  to   space 512K, 0% used [0x00000000d6c00000,0x00000000d6c00000,0x00000000d6c80000)
 ParOldGen       total 68608K, used 40540K [0x0000000080000000, 0x0000000084300000, 0x00000000d5580000)
  object space 68608K, 59% used [0x0000000080000000,0x00000000827972d0,0x0000000084300000)
 Metaspace       used 58501K, committed 59776K, reserved 1114112K
  class space    used 6405K, committed 6976K, reserved 1048576K
}
Event: 27.824 GC heap before
{Heap before GC invocations=37 (full 3):
 PSYoungGen      total 20992K, used 19452K [0x00000000d5580000, 0x00000000d6c80000, 0x0000000100000000)
  eden space 19456K, 99% used [0x00000000d5580000,0x00000000d687f320,0x00000000d6880000)
  from space 1536K, 0% used [0x00000000d6a00000,0x00000000d6a00000,0x00000000d6b80000)
  to   space 512K, 0% used [0x00000000d6c00000,0x00000000d6c00000,0x00000000d6c80000)
 ParOldGen       total 68608K, used 40540K [0x0000000080000000, 0x0000000084300000, 0x00000000d5580000)
  object space 68608K, 59% used [0x0000000080000000,0x00000000827972d0,0x0000000084300000)
 Metaspace       used 61276K, committed 62656K, reserved 1114112K
  class space    used 6661K, committed 7232K, reserved 1048576K
}
Event: 27.826 GC heap after
{Heap after GC invocations=37 (full 3):
 PSYoungGen      total 19968K, used 508K [0x00000000d5580000, 0x00000000d6c80000, 0x0000000100000000)
  eden space 19456K, 0% used [0x00000000d5580000,0x00000000d5580000,0x00000000d6880000)
  from space 512K, 99% used [0x00000000d6c00000,0x00000000d6c7f058,0x00000000d6c80000)
  to   space 1536K, 0% used [0x00000000d6980000,0x00000000d6980000,0x00000000d6b00000)
 ParOldGen       total 68608K, used 41096K [0x0000000080000000, 0x0000000084300000, 0x00000000d5580000)
  object space 68608K, 59% used [0x0000000080000000,0x0000000082822340,0x0000000084300000)
 Metaspace       used 61276K, committed 62656K, reserved 1114112K
  class space    used 6661K, committed 7232K, reserved 1048576K
}
Event: 28.439 GC heap before
{Heap before GC invocations=38 (full 3):
 PSYoungGen      total 19968K, used 19964K [0x00000000d5580000, 0x00000000d6c80000, 0x0000000100000000)
  eden space 19456K, 99% used [0x00000000d5580000,0x00000000d687ffe8,0x00000000d6880000)
  from space 512K, 99% used [0x00000000d6c00000,0x00000000d6c7f058,0x00000000d6c80000)
  to   space 1536K, 0% used [0x00000000d6980000,0x00000000d6980000,0x00000000d6b00000)
 ParOldGen       total 68608K, used 41096K [0x0000000080000000, 0x0000000084300000, 0x00000000d5580000)
  object space 68608K, 59% used [0x0000000080000000,0x0000000082822340,0x0000000084300000)
 Metaspace       used 62762K, committed 64128K, reserved 1114112K
  class space    used 6807K, committed 7424K, reserved 1048576K
}
Event: 28.442 GC heap after
{Heap after GC invocations=38 (full 3):
 PSYoungGen      total 20992K, used 1521K [0x00000000d5580000, 0x00000000d6d80000, 0x0000000100000000)
  eden space 19456K, 0% used [0x00000000d5580000,0x00000000d5580000,0x00000000d6880000)
  from space 1536K, 99% used [0x00000000d6980000,0x00000000d6afc4f8,0x00000000d6b00000)
  to   space 2560K, 0% used [0x00000000d6b00000,0x00000000d6b00000,0x00000000d6d80000)
 ParOldGen       total 68608K, used 41633K [0x0000000080000000, 0x0000000084300000, 0x00000000d5580000)
  object space 68608K, 60% used [0x0000000080000000,0x00000000828a8740,0x0000000084300000)
 Metaspace       used 62762K, committed 64128K, reserved 1114112K
  class space    used 6807K, committed 7424K, reserved 1048576K
}
Event: 28.711 GC heap before
{Heap before GC invocations=39 (full 3):
 PSYoungGen      total 20992K, used 20965K [0x00000000d5580000, 0x00000000d6d80000, 0x0000000100000000)
  eden space 19456K, 99% used [0x00000000d5580000,0x00000000d687d268,0x00000000d6880000)
  from space 1536K, 99% used [0x00000000d6980000,0x00000000d6afc4f8,0x00000000d6b00000)
  to   space 2560K, 0% used [0x00000000d6b00000,0x00000000d6b00000,0x00000000d6d80000)
 ParOldGen       total 68608K, used 41633K [0x0000000080000000, 0x0000000084300000, 0x00000000d5580000)
  object space 68608K, 60% used [0x0000000080000000,0x00000000828a8740,0x0000000084300000)
 Metaspace       used 64455K, committed 65792K, reserved 1114112K
  class space    used 6956K, committed 7488K, reserved 1048576K
}
Event: 28.713 GC heap after
{Heap after GC invocations=39 (full 3):
 PSYoungGen      total 20992K, used 1310K [0x00000000d5580000, 0x00000000d6c80000, 0x0000000100000000)
  eden space 19456K, 0% used [0x00000000d5580000,0x00000000d5580000,0x00000000d6880000)
  from space 1536K, 85% used [0x00000000d6b00000,0x00000000d6c47960,0x00000000d6c80000)
  to   space 2048K, 0% used [0x00000000d6880000,0x00000000d6880000,0x00000000d6a80000)
 ParOldGen       total 68608K, used 42709K [0x0000000080000000, 0x0000000084300000, 0x00000000d5580000)
  object space 68608K, 62% used [0x0000000080000000,0x00000000829b57e8,0x0000000084300000)
 Metaspace       used 64455K, committed 65792K, reserved 1114112K
  class space    used 6956K, committed 7488K, reserved 1048576K
}
Event: 29.130 GC heap before
{Heap before GC invocations=40 (full 3):
 PSYoungGen      total 20992K, used 20766K [0x00000000d5580000, 0x00000000d6c80000, 0x0000000100000000)
  eden space 19456K, 100% used [0x00000000d5580000,0x00000000d6880000,0x00000000d6880000)
  from space 1536K, 85% used [0x00000000d6b00000,0x00000000d6c47960,0x00000000d6c80000)
  to   space 2048K, 0% used [0x00000000d6880000,0x00000000d6880000,0x00000000d6a80000)
 ParOldGen       total 68608K, used 42709K [0x0000000080000000, 0x0000000084300000, 0x00000000d5580000)
  object space 68608K, 62% used [0x0000000080000000,0x00000000829b57e8,0x0000000084300000)
 Metaspace       used 65561K, committed 66944K, reserved 1114112K
  class space    used 7062K, committed 7680K, reserved 1048576K
}
Event: 29.132 GC heap after
{Heap after GC invocations=40 (full 3):
 PSYoungGen      total 21504K, used 2042K [0x00000000d5580000, 0x00000000d7080000, 0x0000000100000000)
  eden space 19456K, 0% used [0x00000000d5580000,0x00000000d5580000,0x00000000d6880000)
  from space 2048K, 99% used [0x00000000d6880000,0x00000000d6a7e8b0,0x00000000d6a80000)
  to   space 4096K, 0% used [0x00000000d6c80000,0x00000000d6c80000,0x00000000d7080000)
 ParOldGen       total 68608K, used 44111K [0x0000000080000000, 0x0000000084300000, 0x00000000d5580000)
  object space 68608K, 64% used [0x0000000080000000,0x0000000082b13e68,0x0000000084300000)
 Metaspace       used 65561K, committed 66944K, reserved 1114112K
  class space    used 7062K, committed 7680K, reserved 1048576K
}
Event: 29.611 GC heap before
{Heap before GC invocations=41 (full 3):
 PSYoungGen      total 21504K, used 21498K [0x00000000d5580000, 0x00000000d7080000, 0x0000000100000000)
  eden space 19456K, 100% used [0x00000000d5580000,0x00000000d6880000,0x00000000d6880000)
  from space 2048K, 99% used [0x00000000d6880000,0x00000000d6a7e8b0,0x00000000d6a80000)
  to   space 4096K, 0% used [0x00000000d6c80000,0x00000000d6c80000,0x00000000d7080000)
 ParOldGen       total 68608K, used 44111K [0x0000000080000000, 0x0000000084300000, 0x00000000d5580000)
  object space 68608K, 64% used [0x0000000080000000,0x0000000082b13e68,0x0000000084300000)
 Metaspace       used 66213K, committed 67584K, reserved 1114112K
  class space    used 7096K, committed 7680K, reserved 1048576K
}
Event: 29.612 GC heap after
{Heap after GC invocations=41 (full 3):
 PSYoungGen      total 19968K, used 416K [0x00000000d5580000, 0x00000000d6d00000, 0x0000000100000000)
  eden space 19456K, 0% used [0x00000000d5580000,0x00000000d5580000,0x00000000d6880000)
  from space 512K, 81% used [0x00000000d6c80000,0x00000000d6ce8000,0x00000000d6d00000)
  to   space 1536K, 0% used [0x00000000d6a00000,0x00000000d6a00000,0x00000000d6b80000)
 ParOldGen       total 68608K, used 45161K [0x0000000080000000, 0x0000000084300000, 0x00000000d5580000)
  object space 68608K, 65% used [0x0000000080000000,0x0000000082c1a670,0x0000000084300000)
 Metaspace       used 66213K, committed 67584K, reserved 1114112K
  class space    used 7096K, committed 7680K, reserved 1048576K
}

